<?xml version="1.0" encoding="UTF-8"?>
<!-- Generated by org.testng.reporters.JUnitReportReporter -->
<testsuite hostname="Home_PC" name="com.cucumber.framework.runner.FreeCRMLoginFeatureRunner" tests="1" failures="0" timestamp="21 Feb 2018 19:49:28 GMT" time="0.009" errors="0">
  <testcase name="feature" time="0.009" classname="com.cucumber.framework.runner.FreeCRMLoginFeatureRunner"/>
</testsuite> <!-- com.cucumber.framework.runner.FreeCRMLoginFeatureRunner -->
